#
# A fatal error has been detected by the Java Runtime Environment:
#
#  SIGSEGV (0xb) at pc=0x00007f28e62385d7, pid=5388, tid=0x00007f28d0d6f700
#
# JRE version: Java(TM) SE Runtime Environment (8.0_161-b12) (build 1.8.0_161-b12)
# Java VM: Java HotSpot(TM) 64-Bit Server VM (25.161-b12 mixed mode linux-amd64 compressed oops)
# Problematic frame:
# V  [libjvm.so+0x6575d7]  InstanceKlass::oop_follow_contents(ParCompactionManager*, oopDesc*)+0x4a7
#
# Failed to write core dump. Core dumps have been disabled. To enable core dumping, try "ulimit -c unlimited" before starting Java again
#
# If you would like to submit a bug report, please visit:
#   http://bugreport.java.com/bugreport/crash.jsp
#

---------------  T H R E A D  ---------------

Current thread (0x00007f28e0023800):  GCTaskThread [stack: 0x00007f28d0c6f000,0x00007f28d0d70000] [id=5390]

siginfo: si_signo: 11 (SIGSEGV), si_code: 2 (SEGV_ACCERR), si_addr: 0x00000000ca58ffe0

Registers:
RAX=0x00007f28e6b7d300, RBX=0x00000000ca58ffd8, RCX=0x000000000000003b, RDX=0x0000000000000001
RSP=0x00007f28d0d6e8c0, RBP=0x00007f28d0d6e920, RSI=0x0800000000000000, RDI=0x00007f28e6bb09a0
R8 =0x0000000086a3b34c, R9 =0x0000040000000000, R10=0x000000000000000c, R11=0x00007f28e6bac8c0
R12=0x00007f28e6bb0920, R13=0x0000000086a3b340, R14=0x000000000000000c, R15=0x00007f28e0078cb0
RIP=0x00007f28e62385d7, EFLAGS=0x0000000000010202, CSGSFS=0x002b000000000033, ERR=0x0000000000000004
  TRAPNO=0x000000000000000e

Top of Stack: (sp=0x00007f28d0d6e8c0)
0x00007f28d0d6e8c0:   0000000086a3b34c 0000000086a3b328
0x00007f28d0d6e8d0:   000000010002cc20 000000010002cc28
0x00007f28d0d6e8e0:   00007f28e6b65448 00007f28e0078cf0
0x00007f28d0d6e8f0:   0000000087c62a70 00007f28e6bac8c0
0x00007f28d0d6e900:   00007f28e0078cb0 0000000000000000
0x00007f28d0d6e910:   00007f28e0078cb0 000000008747ad10
0x00007f28d0d6e920:   00007f28d0d6eab0 00007f28e6564612
0x00007f28d0d6e930:   0000000100005f40 0000000087bd6550
0x00007f28d0d6e940:   00007f28e0078cc0 00007f28d0d6ea60
0x00007f28d0d6e950:   00007f28d0d6ea30 00007f28d0d6ea10
0x00007f28d0d6e960:   00007f28d0d6ea00 00007f28d0d6e9f0
0x00007f28d0d6e970:   00007f28d0d6e9e0 00007f28d0d6e9d0
0x00007f28d0d6e980:   00007f28e6ba1819 00007f28e0078d70
0x00007f28d0d6e990:   0000000087bd5540 0000000087bc2630
0x00007f28d0d6e9a0:   00007f28e0078cc0 00007f28d0d6eac0
0x00007f28d0d6e9b0:   0000000000000400 0000000000000400
0x00007f28d0d6e9c0:   00007f28e0078cf0 00007f28d0d6ea78
0x00007f28d0d6e9d0:   000000008521b1e0 00007f28e6bb0920
0x00007f28d0d6e9e0:   00007f28d0d6ea50 00007f28e62381cc
0x00007f28d0d6e9f0:   000000008586b4cc 000000008586b570
0x00007f28d0d6ea00:   0000000100002180 0000000100002180
0x00007f28d0d6ea10:   0000000000000000 00007f2800000000
0x00007f28d0d6ea20:   00000000000003d8 000000008586b570
0x00007f28d0d6ea30:   00000000e57c43f0 00007f28e6bb0920
0x00007f28d0d6ea40:   00007f28d0d6eab0 00007f28e623846f
0x00007f28d0d6ea50:   000000008521be40 000000008521be00
0x00007f28d0d6ea60:   000021f0000007fd 0000000100034348
0x00007f28d0d6ea70:   000021f1000007fd 0000000086a3b328
0x00007f28d0d6ea80:   00000000864fc570 0000000000000000
0x00007f28d0d6ea90:   00007f28e0078bc0 0000000000000000
0x00007f28d0d6eaa0:   00007f28e0078cb0 000000008747ad10
0x00007f28d0d6eab0:   00007f28d0d6ebf0 00007f28e654a365 

Instructions: (pc=0x00007f28e62385d7)
0x00007f28e62385b7:   00 48 8b 07 48 89 de ff 90 e8 00 00 00 e9 09 fd
0x00007f28e62385c7:   ff ff 0f 1f 80 00 00 00 00 48 8b 05 59 5b 92 00
0x00007f28e62385d7:   8b 7b 08 8b 48 08 48 d3 e7 48 03 38 8b 77 08 83
0x00007f28e62385e7:   fe 00 0f 8f 3e fe ff ff 74 6f 48 8b 05 78 88 92 

Register to memory mapping:

RAX=0x00007f28e6b7d300: <offset 0xf9c300> in /usr/lib/jvm/java-8-oracle/jre/lib/amd64/server/libjvm.so at 0x00007f28e5be1000
RBX=0x00000000ca58ffd8 is an unallocated location in the heap
RCX=0x000000000000003b is an unknown value
RDX=0x0000000000000001 is an unknown value
RSP=0x00007f28d0d6e8c0 is an unknown value
RBP=0x00007f28d0d6e920 is an unknown value
RSI=0x0800000000000000 is an unknown value
RDI=0x00007f28e6bb09a0: <offset 0xfcf9a0> in /usr/lib/jvm/java-8-oracle/jre/lib/amd64/server/libjvm.so at 0x00007f28e5be1000
R8 =0x0000000086a3b34c is pointing into object: 0x0000000086a3b328
java.util.LinkedHashMap$Entry 
 - klass: 'java/util/LinkedHashMap$Entry'
R9 =0x0000040000000000 is an unknown value
R10=0x000000000000000c is an unknown value
R11=0x00007f28e6bac8c0: <offset 0xfcb8c0> in /usr/lib/jvm/java-8-oracle/jre/lib/amd64/server/libjvm.so at 0x00007f28e5be1000
R12=0x00007f28e6bb0920: <offset 0xfcf920> in /usr/lib/jvm/java-8-oracle/jre/lib/amd64/server/libjvm.so at 0x00007f28e5be1000
R13=0x0000000086a3b340 is pointing into object: 0x0000000086a3b328
java.util.LinkedHashMap$Entry 
 - klass: 'java/util/LinkedHashMap$Entry'
R14=0x000000000000000c is an unknown value
R15=0x00007f28e0078cb0 is an unknown value


Stack: [0x00007f28d0c6f000,0x00007f28d0d70000],  sp=0x00007f28d0d6e8c0,  free space=1022k
Native frames: (J=compiled Java code, j=interpreted, Vv=VM code, C=native code)
V  [libjvm.so+0x6575d7]  InstanceKlass::oop_follow_contents(ParCompactionManager*, oopDesc*)+0x4a7
V  [libjvm.so+0x983612]  ParCompactionManager::follow_marking_stacks()+0x232
V  [libjvm.so+0x969365]  StealMarkingTask::do_it(GCTaskManager*, unsigned int)+0x325
V  [libjvm.so+0x5dbfef]  GCTaskThread::run()+0x12f
V  [libjvm.so+0x92da28]  java_start(Thread*)+0x108


---------------  P R O C E S S  ---------------

Java Threads: ( => current thread )
  0x00007f28e000e000 JavaThread "DestroyJavaVM" [_thread_blocked, id=5389, stack(0x00007f28e76df000,0x00007f28e77e0000)]
  0x00007f2890e9c800 JavaThread "http-nio-8080-AsyncTimeout" daemon [_thread_blocked, id=5441, stack(0x00007f286a2ef000,0x00007f286a3f0000)]
  0x00007f2890e9b000 JavaThread "http-nio-8080-Acceptor-0" daemon [_thread_in_native, id=5440, stack(0x00007f286a3f0000,0x00007f286a4f1000)]
  0x00007f2890e98800 JavaThread "http-nio-8080-ClientPoller-1" daemon [_thread_in_native, id=5439, stack(0x00007f286a4f1000,0x00007f286a5f2000)]
  0x00007f2890e97000 JavaThread "http-nio-8080-ClientPoller-0" daemon [_thread_blocked, id=5438, stack(0x00007f286a5f2000,0x00007f286a6f3000)]
  0x00007f289094e000 JavaThread "http-nio-8080-exec-10" daemon [_thread_blocked, id=5437, stack(0x00007f286a6f3000,0x00007f286a7f4000)]
  0x00007f289094c000 JavaThread "http-nio-8080-exec-9" daemon [_thread_blocked, id=5436, stack(0x00007f286a7f4000,0x00007f286a8f5000)]
  0x00007f289094a000 JavaThread "http-nio-8080-exec-8" daemon [_thread_blocked, id=5435, stack(0x00007f286a8f5000,0x00007f286a9f6000)]
  0x00007f2890948000 JavaThread "http-nio-8080-exec-7" daemon [_thread_blocked, id=5434, stack(0x00007f286a9f6000,0x00007f286aaf7000)]
  0x00007f2890946000 JavaThread "http-nio-8080-exec-6" daemon [_thread_blocked, id=5433, stack(0x00007f286aaf7000,0x00007f286abf8000)]
  0x00007f2890944800 JavaThread "http-nio-8080-exec-5" daemon [_thread_blocked, id=5432, stack(0x00007f286abf8000,0x00007f286acf9000)]
  0x00007f2890942800 JavaThread "http-nio-8080-exec-4" daemon [_thread_blocked, id=5431, stack(0x00007f286acf9000,0x00007f286adfa000)]
  0x00007f28912dc800 JavaThread "http-nio-8080-exec-3" daemon [_thread_blocked, id=5430, stack(0x00007f286adfa000,0x00007f286aefb000)]
  0x00007f28912db000 JavaThread "http-nio-8080-exec-2" daemon [_thread_blocked, id=5429, stack(0x00007f286aefb000,0x00007f286affc000)]
  0x00007f28912d9000 JavaThread "http-nio-8080-exec-1" daemon [_thread_blocked, id=5428, stack(0x00007f286affc000,0x00007f286b0fd000)]
  0x00007f2891314000 JavaThread "NioBlockingSelector.BlockPoller-1" daemon [_thread_in_native, id=5427, stack(0x00007f286b0fd000,0x00007f286b1fe000)]
  0x00007f28906f6000 JavaThread "Live Reload Server" daemon [_thread_in_native, id=5426, stack(0x00007f286b3fe000,0x00007f286b4ff000)]
  0x00007f2891325800 JavaThread "File Watcher" daemon [_thread_blocked, id=5424, stack(0x00007f286b4ff000,0x00007f286b600000)]
  0x00007f2890935800 JavaThread "MVStore background writer nio:/home/alex/tmp/iSveikata/sps.db.mv.db" daemon [_thread_blocked, id=5423, stack(0x00007f2888202000,0x00007f2888303000)]
  0x00007f2890927800 JavaThread "H2 TCP Server (tcp://127.0.1.1:44697)" daemon [_thread_in_native, id=5420, stack(0x00007f2888303000,0x00007f2888404000)]
  0x00007f2890833800 JavaThread "H2 File Lock Watchdog /home/alex/tmp/iSveikata/sps.db.lock.db" daemon [_thread_blocked, id=5419, stack(0x00007f28888fc000,0x00007f28889fd000)]
  0x00007f289089a000 JavaThread "Tomcat JDBC Pool Cleaner[1704856573:1518427714886]" daemon [_thread_blocked, id=5417, stack(0x00007f28889fd000,0x00007f2888afe000)]
  0x00007f2890deb000 JavaThread "container-0" [_thread_blocked, id=5416, stack(0x00007f2888efe000,0x00007f2888fff000)]
  0x00007f2890de8800 JavaThread "ContainerBackgroundProcessor[StandardEngine[Tomcat]]" daemon [_thread_blocked, id=5415, stack(0x00007f28b8021000,0x00007f28b8122000)]
  0x00007f28e00c5800 JavaThread "Service Thread" daemon [_thread_blocked, id=5401, stack(0x00007f28ba19f000,0x00007f28ba2a0000)]
  0x00007f28e00c2800 JavaThread "C1 CompilerThread2" daemon [_thread_blocked, id=5400, stack(0x00007f28ba2a0000,0x00007f28ba3a1000)]
  0x00007f28e00c1000 JavaThread "C2 CompilerThread1" daemon [_thread_blocked, id=5399, stack(0x00007f28ba3a1000,0x00007f28ba4a2000)]
  0x00007f28e00be000 JavaThread "C2 CompilerThread0" daemon [_thread_blocked, id=5398, stack(0x00007f28ba4a2000,0x00007f28ba5a3000)]
  0x00007f28e00bc800 JavaThread "Signal Dispatcher" daemon [_thread_blocked, id=5397, stack(0x00007f28ba5a3000,0x00007f28ba6a4000)]
  0x00007f28e0088800 JavaThread "Finalizer" daemon [_thread_blocked, id=5396, stack(0x00007f28baaf3000,0x00007f28babf4000)]
  0x00007f28e0083800 JavaThread "Reference Handler" daemon [_thread_blocked, id=5395, stack(0x00007f28babf4000,0x00007f28bacf5000)]

Other Threads:
  0x00007f28e007c000 VMThread [stack: 0x00007f28bacf5000,0x00007f28badf6000] [id=5394]
  0x00007f28e00ca800 WatcherThread [stack: 0x00007f28ba09e000,0x00007f28ba19f000] [id=5402]

=>0x00007f28e0023800 (exited) GCTaskThread [stack: 0x00007f28d0c6f000,0x00007f28d0d70000] [id=5390]

VM state:at safepoint (normal execution)

VM Mutex/Monitor currently owned by a thread:  ([mutex/lock_event])
[0x00007f28e000a710] Threads_lock - owner thread: 0x00007f28e007c000
[0x00007f28e000ac10] Heap_lock - owner thread: 0x00007f28912db000

Heap:
 PSYoungGen      total 203776K, used 10042K [0x00000000d7100000, 0x00000000e6380000, 0x0000000100000000)
  eden space 193536K, 0% used [0x00000000d7100000,0x00000000d7100000,0x00000000e2e00000)
  from space 10240K, 98% used [0x00000000e5000000,0x00000000e59ce9a8,0x00000000e5a00000)
  to   space 9728K, 0% used [0x00000000e5a00000,0x00000000e5a00000,0x00000000e6380000)
 ParOldGen       total 101888K, used 44131K [0x0000000085200000, 0x000000008b580000, 0x00000000d7100000)
  object space 101888K, 43% used [0x0000000085200000,0x0000000087d18ec8,0x000000008b580000)
 Metaspace       used 58199K, capacity 59022K, committed 59160K, reserved 1101824K
  class space    used 7319K, capacity 7496K, committed 7552K, reserved 1048576K

Card table byte_map: [0x00007f28e40a1000,0x00007f28e4479000] byte_map_base: 0x00007f28e3c78000

Marking Bits: (ParMarkBitMap*) 0x00007f28e6bb0920
 Begin Bits: [0x00007f28c8290000, 0x00007f28ca148000)
 End Bits:   [0x00007f28ca148000, 0x00007f28cc000000)

Polling page: 0x00007f28e7803000

CodeCache: size=245760Kb used=19402Kb max_used=19447Kb free=226357Kb
 bounds [0x00007f28d1000000, 0x00007f28d2340000, 0x00007f28e0000000]
 total_blobs=7514 nmethods=6969 adapters=457
 compilation: enabled

Compilation events (10 events):
Event: 8508,001 Thread 0x00007f28e00c2800 8502       3       org.apache.coyote.http11.Http11OutputBuffer::flushBuffer (9 bytes)
Event: 8508,001 Thread 0x00007f28e00c2800 nmethod 8502 0x00007f28d192dad0 code [0x00007f28d192dc60, 0x00007f28d192e058]
Event: 8508,001 Thread 0x00007f28e00c2800 8503       3       org.apache.tomcat.util.net.SocketWrapperBase::flush (20 bytes)
Event: 8508,002 Thread 0x00007f28e00c2800 nmethod 8503 0x00007f28d2161010 code [0x00007f28d2161180, 0x00007f28d2161478]
Event: 8508,002 Thread 0x00007f28e00c2800 8504       3       org.apache.tomcat.util.net.SocketWrapperBase::flushBlocking (90 bytes)
Event: 8508,005 Thread 0x00007f28e00c2800 nmethod 8504 0x00007f28d2157290 code [0x00007f28d2157580, 0x00007f28d2158af8]
Event: 8508,005 Thread 0x00007f28e00c2800 8497       3       org.apache.catalina.webresources.Cache::noCache (49 bytes)
Event: 8508,008 Thread 0x00007f28e00c2800 nmethod 8497 0x00007f28d22a6b50 code [0x00007f28d22a6d40, 0x00007f28d22a7828]
Event: 8508,008 Thread 0x00007f28e00be000 8505       4       org.apache.catalina.core.ApplicationContextFacade::getContextPath (25 bytes)
Event: 8508,009 Thread 0x00007f28e00be000 nmethod 8505 0x00007f28d20f5410 code [0x00007f28d20f5560, 0x00007f28d20f55f8]

GC Heap History (10 events):
Event: 6441,027 GC heap after
Heap after GC invocations=21 (full 2):
 PSYoungGen      total 231936K, used 7552K [0x00000000d7100000, 0x00000000e7c00000, 0x0000000100000000)
  eden space 224256K, 0% used [0x00000000d7100000,0x00000000d7100000,0x00000000e4c00000)
  from space 7680K, 98% used [0x00000000e6400000,0x00000000e6b60070,0x00000000e6b80000)
  to   space 14848K, 0% used [0x00000000e6d80000,0x00000000e6d80000,0x00000000e7c00000)
 ParOldGen       total 101888K, used 44107K [0x0000000085200000, 0x000000008b580000, 0x00000000d7100000)
  object space 101888K, 43% used [0x0000000085200000,0x0000000087d12ec8,0x000000008b580000)
 Metaspace       used 57081K, capacity 57964K, committed 58112K, reserved 1099776K
  class space    used 7193K, capacity 7389K, committed 7424K, reserved 1048576K
}
Event: 7073,617 GC heap before
{Heap before GC invocations=22 (full 2):
 PSYoungGen      total 231936K, used 231808K [0x00000000d7100000, 0x00000000e7c00000, 0x0000000100000000)
  eden space 224256K, 100% used [0x00000000d7100000,0x00000000e4c00000,0x00000000e4c00000)
  from space 7680K, 98% used [0x00000000e6400000,0x00000000e6b60070,0x00000000e6b80000)
  to   space 14848K, 0% used [0x00000000e6d80000,0x00000000e6d80000,0x00000000e7c00000)
 ParOldGen       total 101888K, used 44107K [0x0000000085200000, 0x000000008b580000, 0x00000000d7100000)
  object space 101888K, 43% used [0x0000000085200000,0x0000000087d12ec8,0x000000008b580000)
 Metaspace       used 57854K, capacity 58728K, committed 59008K, reserved 1101824K
  class space    used 7287K, capacity 7463K, committed 7552K, reserved 1048576K
Event: 7073,633 GC heap after
Heap after GC invocations=22 (full 2):
 PSYoungGen      total 225792K, used 9472K [0x00000000d7100000, 0x00000000e7700000, 0x0000000100000000)
  eden space 216064K, 0% used [0x00000000d7100000,0x00000000d7100000,0x00000000e4400000)
  from space 9728K, 97% used [0x00000000e6d80000,0x00000000e76c0080,0x00000000e7700000)
  to   space 14848K, 0% used [0x00000000e5a00000,0x00000000e5a00000,0x00000000e6880000)
 ParOldGen       total 101888K, used 44115K [0x0000000085200000, 0x000000008b580000, 0x00000000d7100000)
  object space 101888K, 43% used [0x0000000085200000,0x0000000087d14ec8,0x000000008b580000)
 Metaspace       used 57854K, capacity 58728K, committed 59008K, reserved 1101824K
  class space    used 7287K, capacity 7463K, committed 7552K, reserved 1048576K
}
Event: 7706,500 GC heap before
{Heap before GC invocations=23 (full 2):
 PSYoungGen      total 225792K, used 225536K [0x00000000d7100000, 0x00000000e7700000, 0x0000000100000000)
  eden space 216064K, 100% used [0x00000000d7100000,0x00000000e4400000,0x00000000e4400000)
  from space 9728K, 97% used [0x00000000e6d80000,0x00000000e76c0080,0x00000000e7700000)
  to   space 14848K, 0% used [0x00000000e5a00000,0x00000000e5a00000,0x00000000e6880000)
 ParOldGen       total 101888K, used 44115K [0x0000000085200000, 0x000000008b580000, 0x00000000d7100000)
  object space 101888K, 43% used [0x0000000085200000,0x0000000087d14ec8,0x000000008b580000)
 Metaspace       used 58063K, capacity 58958K, committed 59160K, reserved 1101824K
  class space    used 7308K, capacity 7496K, committed 7552K, reserved 1048576K
Event: 7706,515 GC heap after
Heap after GC invocations=23 (full 2):
 PSYoungGen      total 217600K, used 8992K [0x00000000d7100000, 0x00000000e6e00000, 0x0000000100000000)
  eden space 208384K, 0% used [0x00000000d7100000,0x00000000d7100000,0x00000000e3c80000)
  from space 9216K, 97% used [0x00000000e5a00000,0x00000000e62c8060,0x00000000e6300000)
  to   space 11264K, 0% used [0x00000000e6300000,0x00000000e6300000,0x00000000e6e00000)
 ParOldGen       total 101888K, used 44123K [0x0000000085200000, 0x000000008b580000, 0x00000000d7100000)
  object space 101888K, 43% used [0x0000000085200000,0x0000000087d16ec8,0x000000008b580000)
 Metaspace       used 58063K, capacity 58958K, committed 59160K, reserved 1101824K
  class space    used 7308K, capacity 7496K, committed 7552K, reserved 1048576K
}
Event: 8329,569 GC heap before
{Heap before GC invocations=24 (full 2):
 PSYoungGen      total 217600K, used 217376K [0x00000000d7100000, 0x00000000e6e00000, 0x0000000100000000)
  eden space 208384K, 100% used [0x00000000d7100000,0x00000000e3c80000,0x00000000e3c80000)
  from space 9216K, 97% used [0x00000000e5a00000,0x00000000e62c8060,0x00000000e6300000)
  to   space 11264K, 0% used [0x00000000e6300000,0x00000000e6300000,0x00000000e6e00000)
 ParOldGen       total 101888K, used 44123K [0x0000000085200000, 0x000000008b580000, 0x00000000d7100000)
  object space 101888K, 43% used [0x0000000085200000,0x0000000087d16ec8,0x000000008b580000)
 Metaspace       used 58067K, capacity 58958K, committed 59160K, reserved 1101824K
  class space    used 7308K, capacity 7496K, committed 7552K, reserved 1048576K
Event: 8329,586 GC heap after
Heap after GC invocations=24 (full 2):
 PSYoungGen      total 209920K, used 8960K [0x00000000d7100000, 0x00000000e6c00000, 0x0000000100000000)
  eden space 200704K, 0% used [0x00000000d7100000,0x00000000d7100000,0x00000000e3500000)
  from space 9216K, 97% used [0x00000000e6300000,0x00000000e6bc0060,0x00000000e6c00000)
  to   space 14336K, 0% used [0x00000000e5000000,0x00000000e5000000,0x00000000e5e00000)
 ParOldGen       total 101888K, used 44123K [0x0000000085200000, 0x000000008b580000, 0x00000000d7100000)
  object space 101888K, 43% used [0x0000000085200000,0x0000000087d16ec8,0x000000008b580000)
 Metaspace       used 58067K, capacity 58958K, committed 59160K, reserved 1101824K
  class space    used 7308K, capacity 7496K, committed 7552K, reserved 1048576K
}
Event: 8508,014 GC heap before
{Heap before GC invocations=25 (full 2):
 PSYoungGen      total 209920K, used 84855K [0x00000000d7100000, 0x00000000e6c00000, 0x0000000100000000)
  eden space 200704K, 37% used [0x00000000d7100000,0x00000000dbb1df70,0x00000000e3500000)
  from space 9216K, 97% used [0x00000000e6300000,0x00000000e6bc0060,0x00000000e6c00000)
  to   space 14336K, 0% used [0x00000000e5000000,0x00000000e5000000,0x00000000e5e00000)
 ParOldGen       total 101888K, used 44123K [0x0000000085200000, 0x000000008b580000, 0x00000000d7100000)
  object space 101888K, 43% used [0x0000000085200000,0x0000000087d16ec8,0x000000008b580000)
 Metaspace       used 58199K, capacity 59022K, committed 59160K, reserved 1101824K
  class space    used 7319K, capacity 7496K, committed 7552K, reserved 1048576K
Event: 8508,035 GC heap after
Heap after GC invocations=25 (full 2):
 PSYoungGen      total 203776K, used 10042K [0x00000000d7100000, 0x00000000e6380000, 0x0000000100000000)
  eden space 193536K, 0% used [0x00000000d7100000,0x00000000d7100000,0x00000000e2e00000)
  from space 10240K, 98% used [0x00000000e5000000,0x00000000e59ce9a8,0x00000000e5a00000)
  to   space 9728K, 0% used [0x00000000e5a00000,0x00000000e5a00000,0x00000000e6380000)
 ParOldGen       total 101888K, used 44131K [0x0000000085200000, 0x000000008b580000, 0x00000000d7100000)
  object space 101888K, 43% used [0x0000000085200000,0x0000000087d18ec8,0x000000008b580000)
 Metaspace       used 58199K, capacity 59022K, committed 59160K, reserved 1101824K
  class space    used 7319K, capacity 7496K, committed 7552K, reserved 1048576K
}
Event: 8508,035 GC heap before
{Heap before GC invocations=26 (full 3):
 PSYoungGen      total 203776K, used 10042K [0x00000000d7100000, 0x00000000e6380000, 0x0000000100000000)
  eden space 193536K, 0% used [0x00000000d7100000,0x00000000d7100000,0x00000000e2e00000)
  from space 10240K, 98% used [0x00000000e5000000,0x00000000e59ce9a8,0x00000000e5a00000)
  to   space 9728K, 0% used [0x00000000e5a00000,0x00000000e5a00000,0x00000000e6380000)
 ParOldGen       total 101888K, used 44131K [0x0000000085200000, 0x000000008b580000, 0x00000000d7100000)
  object space 101888K, 43% used [0x0000000085200000,0x0000000087d18ec8,0x000000008b580000)
 Metaspace       used 58199K, capacity 59022K, committed 59160K, reserved 1101824K
  class space    used 7319K, capacity 7496K, committed 7552K, reserved 1048576K

Deoptimization events (10 events):
Event: 7024,907 Thread 0x00007f289094c000 Uncommon trap: reason=class_check action=maybe_recompile pc=0x00007f28d20f6708 method=org.h2.expression.Comparison.getValue(Lorg/h2/engine/Session;)Lorg/h2/value/Value; @ 5
Event: 7024,917 Thread 0x00007f289094c000 Uncommon trap: reason=unstable_if action=reinterpret pc=0x00007f28d1588548 method=org.h2.mvstore.db.ValueDataType.compareValues(Lorg/h2/value/Value;Lorg/h2/value/Value;I)I @ 23
Event: 7024,917 Thread 0x00007f289094c000 Uncommon trap: reason=unstable_if action=reinterpret pc=0x00007f28d2161278 method=org.h2.mvstore.db.ValueDataType.compareValues(Lorg/h2/value/Value;Lorg/h2/value/Value;I)I @ 23
Event: 7024,917 Thread 0x00007f289094c000 Uncommon trap: reason=class_check action=maybe_recompile pc=0x00007f28d20f6708 method=org.h2.expression.Comparison.getValue(Lorg/h2/engine/Session;)Lorg/h2/value/Value; @ 5
Event: 7024,918 Thread 0x00007f289094c000 Uncommon trap: reason=unstable_if action=reinterpret pc=0x00007f28d1f8e2dc method=org.hibernate.internal.util.compare.EqualsHelper.equals(Ljava/lang/Object;Ljava/lang/Object;)Z @ 8
Event: 7024,922 Thread 0x00007f289094c000 Uncommon trap: reason=unstable_if action=reinterpret pc=0x00007f28d19d46d4 method=org.h2.mvstore.db.TransactionStore$TransactionMap.getValue(Ljava/lang/Object;JLorg/h2/mvstore/db/TransactionStore$VersionedValue;)Lorg/h2/mvstore/db/TransactionStore$Version
Event: 7024,923 Thread 0x00007f289094c000 Uncommon trap: reason=unstable_if action=reinterpret pc=0x00007f28d20f70ac method=org.h2.expression.ExpressionColumn.getValue(Lorg/h2/engine/Session;)Lorg/h2/value/Value; @ 11
Event: 7024,923 Thread 0x00007f289094c000 Uncommon trap: reason=unstable_if action=reinterpret pc=0x00007f28d22a6ca0 method=org.h2.mvstore.db.ValueDataType.compareValues(Lorg/h2/value/Value;Lorg/h2/value/Value;I)I @ 37
Event: 7024,936 Thread 0x00007f2890935800 Uncommon trap: reason=bimorphic action=maybe_recompile pc=0x00007f28d1fa4d38 method=java.util.HashMap.removeNode(ILjava/lang/Object;Ljava/lang/Object;ZZ)Ljava/util/HashMap$Node; @ 143
Event: 7182,675 Thread 0x00007f2890942800 Uncommon trap: reason=unstable_if action=reinterpret pc=0x00007f28d1c88f2c method=com.fasterxml.jackson.core.json.UTF8JsonGenerator._writeStringSegment(Ljava/lang/String;II)V @ 46

Classes redefined (0 events):
No events

Internal exceptions (10 events):
Event: 7024,906 Thread 0x00007f289094c000 Implicit null exception at 0x00007f28d1330b0f to 0x00007f28d1330baa
Event: 7024,911 Thread 0x00007f289094c000 Exception <a 'java/lang/ClassNotFoundException': java/lang/ObjectCustomizer> (0x00000000e3d35dc8) thrown at [/HUDSON/workspace/8-2-build-linux-amd64/jdk8u161/10277/hotspot/src/share/vm/classfile/systemDictionary.cpp, line 210]
Event: 7024,912 Thread 0x00007f289094c000 Exception <a 'java/lang/ClassNotFoundException': lt/vtvpmc/ems/isveikata/employees/EmployeeCustomizer> (0x00000000e3d525e8) thrown at [/HUDSON/workspace/8-2-build-linux-amd64/jdk8u161/10277/hotspot/src/share/vm/classfile/systemDictionary.cpp, line 210]
Event: 7024,913 Thread 0x00007f289094c000 Exception <a 'java/lang/ClassNotFoundException': lt/vtvpmc/ems/isveikata/employees/DoctorCustomizer> (0x00000000e3d7a250) thrown at [/HUDSON/workspace/8-2-build-linux-amd64/jdk8u161/10277/hotspot/src/share/vm/classfile/systemDictionary.cpp, line 210]
Event: 7024,923 Thread 0x00007f289094c000 Implicit null exception at 0x00007f28d20f5b2f to 0x00007f28d20f7091
Event: 7092,077 Thread 0x00007f28912db000 Exception <a 'java/lang/ClassNotFoundException': java/lang/ObjectCustomizer> (0x00000000d79ba810) thrown at [/HUDSON/workspace/8-2-build-linux-amd64/jdk8u161/10277/hotspot/src/share/vm/classfile/systemDictionary.cpp, line 210]
Event: 7092,078 Thread 0x00007f28912db000 Exception <a 'java/lang/ClassNotFoundException': lt/vtvpmc/ems/isveikata/employees/EmployeeCustomizer> (0x00000000d79d7cd0) thrown at [/HUDSON/workspace/8-2-build-linux-amd64/jdk8u161/10277/hotspot/src/share/vm/classfile/systemDictionary.cpp, line 210]
Event: 7092,079 Thread 0x00007f28912db000 Exception <a 'java/lang/ClassNotFoundException': lt/vtvpmc/ems/isveikata/employees/AdminCustomizer> (0x00000000d79ff8e8) thrown at [/HUDSON/workspace/8-2-build-linux-amd64/jdk8u161/10277/hotspot/src/share/vm/classfile/systemDictionary.cpp, line 210]
Event: 7182,620 Thread 0x00007f2890942800 Exception <a 'java/lang/reflect/InvocationTargetException'> (0x00000000d96fd2b8) thrown at [/HUDSON/workspace/8-2-build-linux-amd64/jdk8u161/10277/hotspot/src/share/vm/runtime/reflection.cpp, line 1092]
Event: 7399,923 Thread 0x00007f289094c000 Exception <a 'java/lang/reflect/InvocationTargetException'> (0x00000000de1a4dc8) thrown at [/HUDSON/workspace/8-2-build-linux-amd64/jdk8u161/10277/hotspot/src/share/vm/runtime/reflection.cpp, line 1092]

Events (10 events):
Event: 8508,005 Executing VM operation: RevokeBias
Event: 8508,005 Executing VM operation: RevokeBias done
Event: 8508,007 loading class org/springframework/web/accept/PathExtensionContentNegotiationStrategy$ActivationMediaTypeFactory
Event: 8508,007 loading class org/springframework/web/accept/PathExtensionContentNegotiationStrategy$ActivationMediaTypeFactory done
Event: 8508,007 Executing VM operation: RevokeBias
Event: 8508,007 Executing VM operation: RevokeBias done
Event: 8508,007 Executing VM operation: BulkRevokeBias
Event: 8508,008 Executing VM operation: BulkRevokeBias done
Event: 8508,008 loading class javax/activation/MimetypesFileTypeMap
Event: 8508,014 Executing VM operation: CollectForMetadataAllocation


Dynamic libraries:
00400000-00401000 r-xp 00000000 08:02 21671212                           /usr/lib/jvm/java-8-oracle/jre/bin/java
00600000-00601000 rw-p 00000000 08:02 21671212                           /usr/lib/jvm/java-8-oracle/jre/bin/java
00ab0000-00bb1000 rw-p 00000000 00:00 0                                  [heap]
85200000-8b580000 rw-p 00000000 00:00 0 
8b580000-d7100000 ---p 00000000 00:00 0 
d7100000-e6380000 rw-p 00000000 00:00 0 
e6380000-100000000 ---p 00000000 00:00 0 
100000000-100760000 rw-p 00000000 00:00 0 
100760000-140000000 ---p 00000000 00:00 0 
7f2848000000-7f284804a000 rw-p 00000000 00:00 0 
7f284804a000-7f284c000000 ---p 00000000 00:00 0 
7f284c000000-7f284c05c000 rw-p 00000000 00:00 0 
7f284c05c000-7f2850000000 ---p 00000000 00:00 0 
7f2850000000-7f285024f000 rw-p 00000000 00:00 0 
7f285024f000-7f2854000000 ---p 00000000 00:00 0 
7f2854000000-7f28540e5000 rw-p 00000000 00:00 0 
7f28540e5000-7f2858000000 ---p 00000000 00:00 0 
7f2858000000-7f2858021000 rw-p 00000000 00:00 0 
7f2858021000-7f285c000000 ---p 00000000 00:00 0 
7f285c000000-7f285c021000 rw-p 00000000 00:00 0 
7f285c021000-7f2860000000 ---p 00000000 00:00 0 
7f2860000000-7f2860290000 rw-p 00000000 00:00 0 
7f2860290000-7f2864000000 ---p 00000000 00:00 0 
7f2864000000-7f2864021000 rw-p 00000000 00:00 0 
7f2864021000-7f2868000000 ---p 00000000 00:00 0 
7f2869eef000-7f2869f55000 rw-p 00000000 00:00 0 
7f2869f55000-7f286a0ef000 ---p 00000000 00:00 0 
7f286a0ef000-7f286a2ef000 rw-p 00000000 00:00 0 
7f286a2ef000-7f286a2f2000 ---p 00000000 00:00 0 
7f286a2f2000-7f286a3f0000 rw-p 00000000 00:00 0 
7f286a3f0000-7f286a3f3000 ---p 00000000 00:00 0 
7f286a3f3000-7f286a4f1000 rw-p 00000000 00:00 0 
7f286a4f1000-7f286a4f4000 ---p 00000000 00:00 0 
7f286a4f4000-7f286a5f2000 rw-p 00000000 00:00 0 
7f286a5f2000-7f286a5f5000 ---p 00000000 00:00 0 
7f286a5f5000-7f286a6f3000 rw-p 00000000 00:00 0 
7f286a6f3000-7f286a6f6000 ---p 00000000 00:00 0 
7f286a6f6000-7f286a7f4000 rw-p 00000000 00:00 0 
7f286a7f4000-7f286a7f7000 ---p 00000000 00:00 0 
7f286a7f7000-7f286a8f5000 rw-p 00000000 00:00 0 
7f286a8f5000-7f286a8f8000 ---p 00000000 00:00 0 
7f286a8f8000-7f286a9f6000 rw-p 00000000 00:00 0 
7f286a9f6000-7f286a9f9000 ---p 00000000 00:00 0 
7f286a9f9000-7f286aaf7000 rw-p 00000000 00:00 0 
7f286aaf7000-7f286aafa000 ---p 00000000 00:00 0 
7f286aafa000-7f286abf8000 rw-p 00000000 00:00 0 
7f286abf8000-7f286abfb000 ---p 00000000 00:00 0 
7f286abfb000-7f286acf9000 rw-p 00000000 00:00 0 
7f286acf9000-7f286acfc000 ---p 00000000 00:00 0 
7f286acfc000-7f286adfa000 rw-p 00000000 00:00 0 
7f286adfa000-7f286adfd000 ---p 00000000 00:00 0 
7f286adfd000-7f286aefb000 rw-p 00000000 00:00 0 
7f286aefb000-7f286aefe000 ---p 00000000 00:00 0 
7f286aefe000-7f286affc000 rw-p 00000000 00:00 0 
7f286affc000-7f286afff000 ---p 00000000 00:00 0 
7f286afff000-7f286b0fd000 rw-p 00000000 00:00 0 
7f286b0fd000-7f286b100000 ---p 00000000 00:00 0 
7f286b100000-7f286b3fe000 rw-p 00000000 00:00 0 
7f286b3fe000-7f286b401000 ---p 00000000 00:00 0 
7f286b401000-7f286b4ff000 rw-p 00000000 00:00 0 
7f286b4ff000-7f286b502000 ---p 00000000 00:00 0 
7f286b502000-7f286b800000 rw-p 00000000 00:00 0 
7f286b800000-7f286ba00000 rw-p 00000000 00:00 0 
7f286ba00000-7f286bc00000 rw-p 00000000 00:00 0 
7f286bc00000-7f286be00000 rw-p 00000000 00:00 0 
7f286be00000-7f286c000000 rw-p 00000000 00:00 0 
7f286c000000-7f286c021000 rw-p 00000000 00:00 0 
7f286c021000-7f2870000000 ---p 00000000 00:00 0 
7f2870000000-7f2870021000 rw-p 00000000 00:00 0 
7f2870021000-7f2874000000 ---p 00000000 00:00 0 
7f2874000000-7f2874021000 rw-p 00000000 00:00 0 
7f2874021000-7f2878000000 ---p 00000000 00:00 0 
7f2878000000-7f2878021000 rw-p 00000000 00:00 0 
7f2878021000-7f287c000000 ---p 00000000 00:00 0 
7f287c000000-7f287c047000 rw-p 00000000 00:00 0 
7f287c047000-7f2880000000 ---p 00000000 00:00 0 
7f2880000000-7f2880021000 rw-p 00000000 00:00 0 
7f2880021000-7f2884000000 ---p 00000000 00:00 0 
7f2884000000-7f288413d000 rw-p 00000000 00:00 0 
7f288413d000-7f2888000000 ---p 00000000 00:00 0 
7f2888002000-7f2888202000 rw-p 00000000 00:00 0 
7f2888202000-7f2888205000 ---p 00000000 00:00 0 
7f2888205000-7f2888303000 rw-p 00000000 00:00 0 
7f2888303000-7f2888306000 ---p 00000000 00:00 0 
7f2888306000-7f2888404000 rw-p 00000000 00:00 0 
7f28884fc000-7f28886fc000 rw-p 00000000 00:00 0 
7f28886fc000-7f28888fc000 rw-p 00000000 00:00 0 
7f28888fc000-7f28888ff000 ---p 00000000 00:00 0 
7f28888ff000-7f28889fd000 rw-p 00000000 00:00 0 
7f28889fd000-7f2888a00000 ---p 00000000 00:00 0 
7f2888a00000-7f2888cfe000 rw-p 00000000 00:00 0 
7f2888cfe000-7f2888efe000 rw-p 00000000 00:00 0 
7f2888efe000-7f2888f01000 ---p 00000000 00:00 0 
7f2888f01000-7f288c000000 rw-p 00000000 00:00 0 
7f288c000000-7f288c021000 rw-p 00000000 00:00 0 
7f288c021000-7f2890000000 ---p 00000000 00:00 0 
7f2890000000-7f28915c4000 rw-p 00000000 00:00 0 
7f28915c4000-7f2894000000 ---p 00000000 00:00 0 
7f2894000000-7f2894021000 rw-p 00000000 00:00 0 
7f2894021000-7f2898000000 ---p 00000000 00:00 0 
7f2898000000-7f2898021000 rw-p 00000000 00:00 0 
7f2898021000-7f289c000000 ---p 00000000 00:00 0 
7f289c000000-7f289db86000 rw-p 00000000 00:00 0 
7f289db86000-7f28a0000000 ---p 00000000 00:00 0 
7f28a0000000-7f28a178f000 rw-p 00000000 00:00 0 
7f28a178f000-7f28a4000000 ---p 00000000 00:00 0 
7f28a4000000-7f28a4021000 rw-p 00000000 00:00 0 
7f28a4021000-7f28a8000000 ---p 00000000 00:00 0 
7f28a8000000-7f28aa313000 rw-p 00000000 00:00 0 
7f28aa313000-7f28ac000000 ---p 00000000 00:00 0 
7f28ac000000-7f28ac021000 rw-p 00000000 00:00 0 
7f28ac021000-7f28b0000000 ---p 00000000 00:00 0 
7f28b0000000-7f28b0021000 rw-p 00000000 00:00 0 
7f28b0021000-7f28b4000000 ---p 00000000 00:00 0 
7f28b4000000-7f28b407a000 rw-p 00000000 00:00 0 
7f28b407a000-7f28b8000000 ---p 00000000 00:00 0 
7f28b8021000-7f28b8024000 ---p 00000000 00:00 0 
7f28b8024000-7f28b8122000 rw-p 00000000 00:00 0 
7f28b8122000-7f28b8125000 ---p 00000000 00:00 0 
7f28b8125000-7f28b8423000 rw-p 00000000 00:00 0 
7f28b849d000-7f28b869d000 rw-p 00000000 00:00 0 
7f28b869d000-7f28b889d000 rw-p 00000000 00:00 0 
7f28b88c7000-7f28b88cc000 r--s 002f9000 08:02 21672410                   /usr/lib/jvm/java-8-oracle/jre/lib/charsets.jar
7f28b88cc000-7f28b88d1000 r--s 0009d000 08:02 21672469                   /usr/lib/jvm/java-8-oracle/jre/lib/jsse.jar
7f28b88d1000-7f28b88e4000 r--s 00345000 08:02 21672450                   /usr/lib/jvm/java-8-oracle/jre/lib/resources.jar
7f28b88e4000-7f28b8ae4000 rw-p 00000000 00:00 0 
7f28b8ae4000-7f28b8ce4000 rw-p 00000000 00:00 0 
7f28b8ce4000-7f28b8ee4000 rw-p 00000000 00:00 0 
7f28b8ee4000-7f28b8ef5000 r-xp 00000000 08:02 21802684                   /usr/lib/jvm/java-8-oracle/jre/lib/amd64/libnio.so
7f28b8ef5000-7f28b90f4000 ---p 00011000 08:02 21802684                   /usr/lib/jvm/java-8-oracle/jre/lib/amd64/libnio.so
7f28b90f4000-7f28b90f5000 rw-p 00010000 08:02 21802684                   /usr/lib/jvm/java-8-oracle/jre/lib/amd64/libnio.so
7f28b90f5000-7f28b92f5000 rw-p 00000000 00:00 0 
7f28b92f5000-7f28b94f5000 rw-p 00000000 00:00 0 
7f28b94f5000-7f28b94f8000 ---p 00000000 00:00 0 
7f28b94f8000-7f28b95f6000 rw-p 00000000 00:00 0 
7f28b95f6000-7f28b960c000 r-xp 00000000 08:02 21802681                   /usr/lib/jvm/java-8-oracle/jre/lib/amd64/libnet.so
7f28b960c000-7f28b980c000 ---p 00016000 08:02 21802681                   /usr/lib/jvm/java-8-oracle/jre/lib/amd64/libnet.so
7f28b980c000-7f28b980d000 rw-p 00016000 08:02 21802681                   /usr/lib/jvm/java-8-oracle/jre/lib/amd64/libnet.so
7f28b980d000-7f28b9816000 r-xp 00000000 08:02 21802689                   /usr/lib/jvm/java-8-oracle/jre/lib/amd64/libmanagement.so
7f28b9816000-7f28b9a15000 ---p 00009000 08:02 21802689                   /usr/lib/jvm/java-8-oracle/jre/lib/amd64/libmanagement.so
7f28b9a15000-7f28b9a16000 rw-p 00008000 08:02 21802689                   /usr/lib/jvm/java-8-oracle/jre/lib/amd64/libmanagement.so
7f28b9a16000-7f28b9c16000 rw-p 00000000 00:00 0 
7f28b9c16000-7f28b9c19000 ---p 00000000 00:00 0 
7f28b9c19000-7f28b9d17000 rw-p 00000000 00:00 0 
7f28b9d17000-7f28b9d1a000 ---p 00000000 00:00 0 
7f28b9d1a000-7f28b9e18000 rw-p 00000000 00:00 0 
7f28b9e18000-7f28b9e1e000 r--s 00036000 08:02 17864083                   /home/alex/Public/Maven/.m2/repository/org/apache/tomcat/embed/tomcat-embed-websocket/8.5.15/tomcat-embed-websocket-8.5.15.jar
7f28b9e1e000-7f28b9e20000 r--s 00000000 08:02 11952955                   /home/alex/Public/Maven/.m2/repository/org/slf4j/jul-to-slf4j/1.7.25/jul-to-slf4j-1.7.25.jar
7f28b9e20000-7f28b9e27000 r--s 00045000 08:02 11164302                   /home/alex/Public/Maven/.m2/repository/ch/qos/logback/logback-classic/1.1.11/logback-classic-1.1.11.jar
7f28b9e27000-7f28b9e29000 r--s 0000e000 08:02 17997442                   /home/alex/Public/Maven/.m2/repository/com/fasterxml/classmate/1.3.3/classmate-1.3.3.jar
7f28b9e29000-7f28b9e3f000 r--s 000fc000 08:02 10641304                   /home/alex/Public/Maven/.m2/repository/org/springframework/spring-core/4.3.9.RELEASE/spring-core-4.3.9.RELEASE.jar
7f28b9e3f000-7f28b9e51000 r--s 0011d000 08:02 18131090                   /home/alex/Public/Maven/.m2/repository/com/fasterxml/jackson/core/jackson-databind/2.8.8/jackson-databind-2.8.8.jar
7f28b9e51000-7f28b9e52000 r--s 00004000 08:02 19575390                   /home/alex/Public/Maven/.m2/repository/org/springframework/plugin/spring-plugin-core/1.2.0.RELEASE/spring-plugin-core-1.2.0.RELEASE.jar
7f28b9e52000-7f28b9e53000 r--s 00003000 08:02 19442063                   /home/alex/Public/Maven/.m2/repository/io/swagger/swagger-annotations/1.5.9/swagger-annotations-1.5.9.jar
7f28b9e53000-7f28b9e54000 r--s 00000000 08:02 15501198                   /home/alex/Public/Maven/.m2/repository/org/springframework/boot/spring-boot-starter-jdbc/1.4.7.RELEASE/spring-boot-starter-jdbc-1.4.7.RELEASE.jar
7f28b9e54000-7f28b9e55000 r--s 00000000 08:02 15238467                   /home/alex/Public/Maven/.m2/repository/org/springframework/boot/spring-boot-starter-aop/1.4.7.RELEASE/spring-boot-starter-aop-1.4.7.RELEASE.jar
7f28b9e55000-7f28b9e76000 r--s 0016e000 08:02 19576291                   /home/alex/Public/Maven/.m2/repository/org/mapstruct/mapstruct-processor/1.2.0.Final/mapstruct-processor-1.2.0.Final.jar
7f28b9e76000-7f28b9e78000 r--s 00006000 08:02 17470232                   /home/alex/Public/Maven/.m2/repository/javax/transaction/javax.transaction-api/1.2/javax.transaction-api-1.2.jar
7f28b9e78000-7f28b9e7a000 r--s 00009000 08:02 11558706                   /home/alex/Public/Maven/.m2/repository/org/slf4j/slf4j-api/1.7.25/slf4j-api-1.7.25.jar
7f28b9e7a000-7f28b9ea5000 r--s 001fc000 08:02 19575387                   /home/alex/Public/Maven/.m2/repository/com/google/guava/guava/18.0/guava-18.0.jar
7f28b9ea5000-7f28b9ea8000 r--s 0000c000 08:02 17604031                   /home/alex/Public/Maven/.m2/repository/org/springframework/spring-aspects/4.3.9.RELEASE/spring-aspects-4.3.9.RELEASE.jar
7f28b9ea8000-7f28b9eaa000 r--s 00009000 08:02 15765757                   /home/alex/Public/Maven/.m2/repository/org/apache/tomcat/tomcat-juli/8.5.15/tomcat-juli-8.5.15.jar
7f28b9eaa000-7f28b9ead000 r--s 0000b000 08:02 18131092                   /home/alex/Public/Maven/.m2/repository/com/fasterxml/jackson/core/jackson-annotations/2.8.8/jackson-annotations-2.8.8.jar
7f28b9ead000-7f28b9eb7000 r--s 0005f000 08:02 15894301                   /home/alex/Public/Maven/.m2/repository/org/springframework/spring-jdbc/4.3.9.RELEASE/spring-jdbc-4.3.9.RELEASE.jar
7f28b9eb7000-7f28b9ebf000 r--s 0003a000 08:02 16027003                   /home/alex/Public/Maven/.m2/repository/org/springframework/spring-tx/4.3.9.RELEASE/spring-tx-4.3.9.RELEASE.jar
7f28b9ebf000-7f28b9ec0000 r--s 00000000 08:02 11033005                   /home/alex/Public/Maven/.m2/repository/org/springframework/boot/spring-boot-starter-logging/1.4.7.RELEASE/spring-boot-starter-logging-1.4.7.RELEASE.jar
7f28b9ec0000-7f28b9ec3000 r--s 0002b000 08:02 16945725                   /home/alex/Public/Maven/.m2/repository/org/jboss/jandex/2.0.0.Final/jandex-2.0.0.Final.jar
7f28b9ec3000-7f28b9ed1000 r--s 000ad000 08:02 10901642                   /home/alex/Public/Maven/.m2/repository/org/springframework/spring-beans/4.3.9.RELEASE/spring-beans-4.3.9.RELEASE.jar
7f28b9ed1000-7f28b9ed8000 r--s 0003f000 08:02 17604025                   /home/alex/Public/Maven/.m2/repository/org/springframework/data/spring-data-jpa/1.10.11.RELEASE/spring-data-jpa-1.10.11.RELEASE.jar
7f28b9ed8000-7f28b9ee8000 r--s 0009c000 08:02 17604027                   /home/alex/Public/Maven/.m2/repository/org/springframework/data/spring-data-commons/1.12.11.RELEASE/spring-data-commons-1.12.11.RELEASE.jar
7f28b9ee8000-7f28b9eec000 r--s 00013000 08:02 19575379                   /home/alex/Public/Maven/.m2/repository/io/springfox/springfox-core/2.5.0/springfox-core-2.5.0.jar
7f28b9eec000-7f28b9f0a000 r--s 000d2000 08:02 11033007                   /home/alex/Public/Maven/.m2/repository/org/springframework/boot/spring-boot-autoconfigure/1.4.7.RELEASE/spring-boot-autoconfigure-1.4.7.RELEASE.jar
7f28b9f0a000-7f28b9f0c000 r--s 0000a000 08:02 19575377                   /home/alex/Public/Maven/.m2/repository/io/springfox/springfox-spi/2.5.0/springfox-spi-2.5.0.jar
7f28b9f0c000-7f28b9f0f000 r--s 00012000 08:02 19575384                   /home/alex/Public/Maven/.m2/repository/io/springfox/springfox-swagger-common/2.5.0/springfox-swagger-common-2.5.0.jar
7f28b9f0f000-7f28b9f11000 r--s 00010000 08:02 19575380                   /home/alex/Public/Maven/.m2/repository/io/springfox/springfox-schema/2.5.0/springfox-schema-2.5.0.jar
7f28b9f11000-7f28b9f16000 r--s 00017000 08:02 16680514                   /home/alex/Public/Maven/.m2/repository/org/hibernate/javax/persistence/hibernate-jpa-2.1-api/1.0.0.Final/hibernate-jpa-2.1-api-1.0.0.Final.jar
7f28b9f16000-7f28b9f21000 r--s 0006a000 08:02 11427103                   /home/alex/Public/Maven/.m2/repository/ch/qos/logback/logback-core/1.1.11/logback-core-1.1.11.jar
7f28b9f21000-7f28b9f23000 r--s 00004000 08:02 12083902                   /home/alex/Public/Maven/.m2/repository/org/slf4j/log4j-over-slf4j/1.7.25/log4j-over-slf4j-1.7.25.jar
7f28b9f23000-7f28b9f4d000 r--s 002c0000 08:02 17734306                   /home/alex/Public/Maven/.m2/repository/org/apache/tomcat/embed/tomcat-embed-core/8.5.15/tomcat-embed-core-8.5.15.jar
7f28b9f4d000-7f28b9f50000 r--s 0004a000 08:02 19575397                   /home/alex/Public/Maven/.m2/repository/io/springfox/springfox-swagger-ui/2.5.0/springfox-swagger-ui-2.5.0.jar
7f28b9f50000-7f28b9f53000 r--s 0001f000 08:02 19575374                   /home/alex/Public/Maven/.m2/repository/io/swagger/swagger-models/1.5.9/swagger-models-1.5.9.jar
7f28b9f53000-7f28b9f5c000 r--s 00054000 08:02 10771844                   /home/alex/Public/Maven/.m2/repository/org/springframework/spring-aop/4.3.9.RELEASE/spring-aop-4.3.9.RELEASE.jar
7f28b9f5c000-7f28b9f5e000 r--s 00004000 08:02 19576289                   /home/alex/Public/Maven/.m2/repository/org/mapstruct/mapstruct/1.2.0.Final/mapstruct-1.2.0.Final.jar
7f28b9f5e000-7f28b9f63000 r--s 00048000 08:02 17076453                   /home/alex/Public/Maven/.m2/repository/dom4j/dom4j/1.6.1/dom4j-1.6.1.jar
7f28b9f63000-7f28b9f67000 r--s 0000c000 08:02 17734302                   /home/alex/Public/Maven/.m2/repository/javax/validation/validation-api/1.1.0.Final/validation-api-1.1.0.Final.jar
7f28b9f67000-7f28b9f78000 r--s 0009c000 08:02 17864081                   /home/alex/Public/Maven/.m2/repository/org/hibernate/hibernate-validator/5.2.5.Final/hibernate-validator-5.2.5.Final.jar
7f28b9f78000-7f28b9fe1000 r--s 004f3000 08:02 16287857                   /home/alex/Public/Maven/.m2/repository/org/hibernate/hibernate-core/5.0.12.Final/hibernate-core-5.0.12.Final.jar
7f28b9fe1000-7f28b9ff7000 r--s 0014a000 08:02 19575398                   /home/alex/Public/Maven/.m2/repository/org/projectlombok/lombok/1.16.16/lombok-1.16.16.jar
7f28b9ff7000-7f28ba008000 r--s 000cf000 08:02 18259930                   /home/alex/Public/Maven/.m2/repository/org/springframework/spring-webmvc/4.3.9.RELEASE/spring-webmvc-4.3.9.RELEASE.jar
7f28ba008000-7f28ba09e000 r--s 0110a000 08:02 21672474                   /usr/lib/jvm/java-8-oracle/jre/lib/ext/jfxrt.jar
7f28ba09e000-7f28ba09f000 ---p 00000000 00:00 0 
7f28ba09f000-7f28ba19f000 rw-p 00000000 00:00 0 
7f28ba19f000-7f28ba1a2000 ---p 00000000 00:00 0 
7f28ba1a2000-7f28ba2a0000 rw-p 00000000 00:00 0 
7f28ba2a0000-7f28ba2a3000 ---p 00000000 00:00 0 
7f28ba2a3000-7f28ba3a1000 rw-p 00000000 00:00 0 
7f28ba3a1000-7f28ba3a4000 ---p 00000000 00:00 0 
7f28ba3a4000-7f28ba4a2000 rw-p 00000000 00:00 0 
7f28ba4a2000-7f28ba4a5000 ---p 00000000 00:00 0 
7f28ba4a5000-7f28ba5a3000 rw-p 00000000 00:00 0 
7f28ba5a3000-7f28ba5a6000 ---p 00000000 00:00 0 
7f28ba5a6000-7f28ba6a4000 rw-p 00000000 00:00 0 
7f28ba6a4000-7f28baaf3000 r--p 00000000 08:02 21013973                   /usr/lib/locale/locale-archive
7f28baaf3000-7f28baaf6000 ---p 00000000 00:00 0 
7f28baaf6000-7f28babf4000 rw-p 00000000 00:00 0 
7f28babf4000-7f28babf7000 ---p 00000000 00:00 0 
7f28babf7000-7f28bacf5000 rw-p 00000000 00:00 0 
7f28bacf5000-7f28bacf6000 ---p 00000000 00:00 0 
7f28bacf6000-7f28bc000000 rw-p 00000000 00:00 0 
7f28bc000000-7f28bc021000 rw-p 00000000 00:00 0 
7f28bc021000-7f28c0000000 ---p 00000000 00:00 0 
7f28c0000000-7f28c0025000 rw-p 00000000 00:00 0 
7f28c0025000-7f28c4000000 ---p 00000000 00:00 0 
7f28c4000000-7f28c4021000 rw-p 00000000 00:00 0 
7f28c4021000-7f28c8000000 ---p 00000000 00:00 0 
7f28c8000000-7f28c8001000 r--s 00000000 08:02 17734304                   /home/alex/Public/Maven/.m2/repository/org/springframework/boot/spring-boot-starter-tomcat/1.4.7.RELEASE/spring-boot-starter-tomcat-1.4.7.RELEASE.jar
7f28c8001000-7f28c8008000 r--s 0002e000 08:02 18259931                   /home/alex/Public/Maven/.m2/repository/org/springframework/boot/spring-boot-devtools/1.4.7.RELEASE/spring-boot-devtools-1.4.7.RELEASE.jar
7f28c8008000-7f28c800b000 r--s 0000c000 08:02 19308894                   /home/alex/Public/Maven/.m2/repository/io/springfox/springfox-swagger2/2.5.0/springfox-swagger2-2.5.0.jar
7f28c800b000-7f28c800f000 r--s 00020000 08:02 19575386                   /home/alex/Public/Maven/.m2/repository/io/springfox/springfox-spring-web/2.5.0/springfox-spring-web-2.5.0.jar
7f28c800f000-7f28c801c000 r--s 00089000 08:02 17343496                   /home/alex/Public/Maven/.m2/repository/org/hibernate/hibernate-entitymanager/5.0.12.Final/hibernate-entitymanager-5.0.12.Final.jar
7f28c801c000-7f28c801e000 r--s 00000000 08:02 19575391                   /home/alex/Public/Maven/.m2/repository/org/springframework/plugin/spring-plugin-metadata/1.2.0.RELEASE/spring-plugin-metadata-1.2.0.RELEASE.jar
7f28c801e000-7f28c8023000 r--s 0003c000 08:02 10901644                   /home/alex/Public/Maven/.m2/repository/org/springframework/spring-expression/4.3.9.RELEASE/spring-expression-4.3.9.RELEASE.jar
7f28c8023000-7f28c803b000 r--s 001bf000 08:02 15501196                   /home/alex/Public/Maven/.m2/repository/org/aspectj/aspectjweaver/1.8.10/aspectjweaver-1.8.10.jar
7f28c803b000-7f28c803d000 r--s 00003000 08:02 11824111                   /home/alex/Public/Maven/.m2/repository/org/slf4j/jcl-over-slf4j/1.7.25/jcl-over-slf4j-1.7.25.jar
7f28c803d000-7f28c8043000 r--s 0003d000 08:02 14187348                   /home/alex/Public/Maven/.m2/repository/org/yaml/snakeyaml/1.17/snakeyaml-1.17.jar
7f28c8043000-7f28c804c000 r--s 0002d000 08:02 17210606                   /home/alex/Public/Maven/.m2/repository/xml-apis/xml-apis/1.4.01/xml-apis-1.4.01.jar
7f28c804c000-7f28c8051000 r--s 00068000 08:02 16945723                   /home/alex/Public/Maven/.m2/repository/antlr/antlr/2.7.7/antlr-2.7.7.jar
7f28c8051000-7f28c8056000 r--s 00036000 08:02 17734308                   /home/alex/Public/Maven/.m2/repository/org/apache/tomcat/embed/tomcat-embed-el/8.5.15/tomcat-embed-el-8.5.15.jar
7f28c8056000-7f28c806f000 r--s 000fe000 08:02 10771846                   /home/alex/Public/Maven/.m2/repository/org/springframework/spring-context/4.3.9.RELEASE/spring-context-4.3.9.RELEASE.jar
7f28c806f000-7f28c807e000 r--s 001ae000 08:02 18259934                   /home/alex/Public/Maven/.m2/repository/com/h2database/h2/1.4.195/h2-1.4.195.jar
7f28c807e000-7f28c808e000 r--s 00094000 08:02 10641302                   /home/alex/Public/Maven/.m2/repository/org/springframework/boot/spring-boot/1.4.7.RELEASE/spring-boot-1.4.7.RELEASE.jar
7f28c808e000-7f28cc000000 rw-p 00000000 00:00 0 
7f28cc000000-7f28cc2cd000 rw-p 00000000 00:00 0 
7f28cc2cd000-7f28d0000000 ---p 00000000 00:00 0 
7f28d0000000-7f28d0001000 r--s 00000000 08:02 10641298                   /home/alex/Public/Maven/.m2/repository/org/springframework/boot/spring-boot-starter/1.4.7.RELEASE/spring-boot-starter-1.4.7.RELEASE.jar
7f28d0001000-7f28d0004000 r--s 00042000 08:02 18259925                   /home/alex/Public/Maven/.m2/repository/com/fasterxml/jackson/core/jackson-core/2.8.8/jackson-core-2.8.8.jar
7f28d0004000-7f28d0007000 r--s 00010000 08:02 17343494                   /home/alex/Public/Maven/.m2/repository/org/hibernate/common/hibernate-commons-annotations/5.0.1.Final/hibernate-commons-annotations-5.0.1.Final.jar
7f28d0007000-7f28d03bc000 rw-p 00000000 00:00 0 
7f28d03bc000-7f28d0595000 r--s 03d64000 08:02 21672412                   /usr/lib/jvm/java-8-oracle/jre/lib/rt.jar
7f28d0595000-7f28d096c000 rw-p 00000000 00:00 0 
7f28d096c000-7f28d096d000 ---p 00000000 00:00 0 
7f28d096d000-7f28d0a6d000 rw-p 00000000 00:00 0 
7f28d0a6d000-7f28d0a6e000 ---p 00000000 00:00 0 
7f28d0a6e000-7f28d0b6e000 rw-p 00000000 00:00 0 
7f28d0b6e000-7f28d0b6f000 ---p 00000000 00:00 0 
7f28d0b6f000-7f28d0c6f000 rw-p 00000000 00:00 0 
7f28d0c6f000-7f28d0c70000 ---p 00000000 00:00 0 
7f28d0c70000-7f28d0da2000 rw-p 00000000 00:00 0 
7f28d0da2000-7f28d1000000 ---p 00000000 00:00 0 
7f28d1000000-7f28d2340000 rwxp 00000000 00:00 0 
7f28d2340000-7f28e0000000 ---p 00000000 00:00 0 
7f28e0000000-7f28e070b000 rw-p 00000000 00:00 0 
7f28e070b000-7f28e4000000 ---p 00000000 00:00 0 
7f28e4000000-7f28e400a000 r--s 0006b000 08:02 17604030                   /home/alex/Public/Maven/.m2/repository/org/springframework/spring-orm/4.3.9.RELEASE/spring-orm-4.3.9.RELEASE.jar
7f28e400a000-7f28e40d3000 rw-p 00000000 00:00 0 
7f28e40d3000-7f28e4330000 ---p 00000000 00:00 0 
7f28e4330000-7f28e43aa000 rw-p 00000000 00:00 0 
7f28e43aa000-7f28e4478000 ---p 00000000 00:00 0 
7f28e4478000-7f28e44c6000 rw-p 00000000 00:00 0 
7f28e44c6000-7f28e4839000 ---p 00000000 00:00 0 
7f28e4839000-7f28e4854000 r-xp 00000000 08:02 21802677                   /usr/lib/jvm/java-8-oracle/jre/lib/amd64/libzip.so
7f28e4854000-7f28e4a54000 ---p 0001b000 08:02 21802677                   /usr/lib/jvm/java-8-oracle/jre/lib/amd64/libzip.so
7f28e4a54000-7f28e4a55000 rw-p 0001b000 08:02 21802677                   /usr/lib/jvm/java-8-oracle/jre/lib/amd64/libzip.so
7f28e4a55000-7f28e4a60000 r-xp 00000000 08:02 15760201                   /lib/x86_64-linux-gnu/libnss_files-2.23.so
7f28e4a60000-7f28e4c5f000 ---p 0000b000 08:02 15760201                   /lib/x86_64-linux-gnu/libnss_files-2.23.so
7f28e4c5f000-7f28e4c60000 r--p 0000a000 08:02 15760201                   /lib/x86_64-linux-gnu/libnss_files-2.23.so
7f28e4c60000-7f28e4c61000 rw-p 0000b000 08:02 15760201                   /lib/x86_64-linux-gnu/libnss_files-2.23.so
7f28e4c61000-7f28e4c67000 rw-p 00000000 00:00 0 
7f28e4c67000-7f28e4c72000 r-xp 00000000 08:02 15760205                   /lib/x86_64-linux-gnu/libnss_nis-2.23.so
7f28e4c72000-7f28e4e71000 ---p 0000b000 08:02 15760205                   /lib/x86_64-linux-gnu/libnss_nis-2.23.so
7f28e4e71000-7f28e4e72000 r--p 0000a000 08:02 15760205                   /lib/x86_64-linux-gnu/libnss_nis-2.23.so
7f28e4e72000-7f28e4e73000 rw-p 0000b000 08:02 15760205                   /lib/x86_64-linux-gnu/libnss_nis-2.23.so
7f28e4e73000-7f28e4e89000 r-xp 00000000 08:02 15760185                   /lib/x86_64-linux-gnu/libnsl-2.23.so
7f28e4e89000-7f28e5088000 ---p 00016000 08:02 15760185                   /lib/x86_64-linux-gnu/libnsl-2.23.so
7f28e5088000-7f28e5089000 r--p 00015000 08:02 15760185                   /lib/x86_64-linux-gnu/libnsl-2.23.so
7f28e5089000-7f28e508a000 rw-p 00016000 08:02 15760185                   /lib/x86_64-linux-gnu/libnsl-2.23.so
7f28e508a000-7f28e508c000 rw-p 00000000 00:00 0 
7f28e508c000-7f28e5094000 r-xp 00000000 08:02 15760196                   /lib/x86_64-linux-gnu/libnss_compat-2.23.so
7f28e5094000-7f28e5293000 ---p 00008000 08:02 15760196                   /lib/x86_64-linux-gnu/libnss_compat-2.23.so
7f28e5293000-7f28e5294000 r--p 00007000 08:02 15760196                   /lib/x86_64-linux-gnu/libnss_compat-2.23.so
7f28e5294000-7f28e5295000 rw-p 00008000 08:02 15760196                   /lib/x86_64-linux-gnu/libnss_compat-2.23.so
7f28e5295000-7f28e52c0000 r-xp 00000000 08:02 21802671                   /usr/lib/jvm/java-8-oracle/jre/lib/amd64/libjava.so
7f28e52c0000-7f28e54bf000 ---p 0002b000 08:02 21802671                   /usr/lib/jvm/java-8-oracle/jre/lib/amd64/libjava.so
7f28e54bf000-7f28e54c1000 rw-p 0002a000 08:02 21802671                   /usr/lib/jvm/java-8-oracle/jre/lib/amd64/libjava.so
7f28e54c1000-7f28e54ce000 r-xp 00000000 08:02 21802676                   /usr/lib/jvm/java-8-oracle/jre/lib/amd64/libverify.so
7f28e54ce000-7f28e56ce000 ---p 0000d000 08:02 21802676                   /usr/lib/jvm/java-8-oracle/jre/lib/amd64/libverify.so
7f28e56ce000-7f28e56d0000 rw-p 0000d000 08:02 21802676                   /usr/lib/jvm/java-8-oracle/jre/lib/amd64/libverify.so
7f28e56d0000-7f28e56d7000 r-xp 00000000 08:02 15760206                   /lib/x86_64-linux-gnu/librt-2.23.so
7f28e56d7000-7f28e58d6000 ---p 00007000 08:02 15760206                   /lib/x86_64-linux-gnu/librt-2.23.so
7f28e58d6000-7f28e58d7000 r--p 00006000 08:02 15760206                   /lib/x86_64-linux-gnu/librt-2.23.so
7f28e58d7000-7f28e58d8000 rw-p 00007000 08:02 15760206                   /lib/x86_64-linux-gnu/librt-2.23.so
7f28e58d8000-7f28e59e0000 r-xp 00000000 08:02 15760184                   /lib/x86_64-linux-gnu/libm-2.23.so
7f28e59e0000-7f28e5bdf000 ---p 00108000 08:02 15760184                   /lib/x86_64-linux-gnu/libm-2.23.so
7f28e5bdf000-7f28e5be0000 r--p 00107000 08:02 15760184                   /lib/x86_64-linux-gnu/libm-2.23.so
7f28e5be0000-7f28e5be1000 rw-p 00108000 08:02 15760184                   /lib/x86_64-linux-gnu/libm-2.23.so
7f28e5be1000-7f28e68ba000 r-xp 00000000 08:02 21802654                   /usr/lib/jvm/java-8-oracle/jre/lib/amd64/server/libjvm.so
7f28e68ba000-7f28e6ab9000 ---p 00cd9000 08:02 21802654                   /usr/lib/jvm/java-8-oracle/jre/lib/amd64/server/libjvm.so
7f28e6ab9000-7f28e6b92000 rw-p 00cd8000 08:02 21802654                   /usr/lib/jvm/java-8-oracle/jre/lib/amd64/server/libjvm.so
7f28e6b92000-7f28e6bde000 rw-p 00000000 00:00 0 
7f28e6bde000-7f28e6d9e000 r-xp 00000000 08:02 15760188                   /lib/x86_64-linux-gnu/libc-2.23.so
7f28e6d9e000-7f28e6f9e000 ---p 001c0000 08:02 15760188                   /lib/x86_64-linux-gnu/libc-2.23.so
7f28e6f9e000-7f28e6fa2000 r--p 001c0000 08:02 15760188                   /lib/x86_64-linux-gnu/libc-2.23.so
7f28e6fa2000-7f28e6fa4000 rw-p 001c4000 08:02 15760188                   /lib/x86_64-linux-gnu/libc-2.23.so
7f28e6fa4000-7f28e6fa8000 rw-p 00000000 00:00 0 
7f28e6fa8000-7f28e6fab000 r-xp 00000000 08:02 15760190                   /lib/x86_64-linux-gnu/libdl-2.23.so
7f28e6fab000-7f28e71aa000 ---p 00003000 08:02 15760190                   /lib/x86_64-linux-gnu/libdl-2.23.so
7f28e71aa000-7f28e71ab000 r--p 00002000 08:02 15760190                   /lib/x86_64-linux-gnu/libdl-2.23.so
7f28e71ab000-7f28e71ac000 rw-p 00003000 08:02 15760190                   /lib/x86_64-linux-gnu/libdl-2.23.so
7f28e71ac000-7f28e71c2000 r-xp 00000000 08:02 21802649                   /usr/lib/jvm/java-8-oracle/jre/lib/amd64/jli/libjli.so
7f28e71c2000-7f28e73c1000 ---p 00016000 08:02 21802649                   /usr/lib/jvm/java-8-oracle/jre/lib/amd64/jli/libjli.so
7f28e73c1000-7f28e73c2000 rw-p 00015000 08:02 21802649                   /usr/lib/jvm/java-8-oracle/jre/lib/amd64/jli/libjli.so
7f28e73c2000-7f28e73da000 r-xp 00000000 08:02 15760187                   /lib/x86_64-linux-gnu/libpthread-2.23.so
7f28e73da000-7f28e75d9000 ---p 00018000 08:02 15760187                   /lib/x86_64-linux-gnu/libpthread-2.23.so
7f28e75d9000-7f28e75da000 r--p 00017000 08:02 15760187                   /lib/x86_64-linux-gnu/libpthread-2.23.so
7f28e75da000-7f28e75db000 rw-p 00018000 08:02 15760187                   /lib/x86_64-linux-gnu/libpthread-2.23.so
7f28e75db000-7f28e75df000 rw-p 00000000 00:00 0 
7f28e75df000-7f28e7605000 r-xp 00000000 08:02 15760186                   /lib/x86_64-linux-gnu/ld-2.23.so
7f28e7605000-7f28e7606000 r--s 00000000 08:02 10641300                   /home/alex/Public/Maven/.m2/repository/org/springframework/boot/spring-boot-starter-data-jpa/1.4.7.RELEASE/spring-boot-starter-data-jpa-1.4.7.RELEASE.jar
7f28e7606000-7f28e7607000 r--s 00000000 08:02 17734300                   /home/alex/Public/Maven/.m2/repository/org/springframework/boot/spring-boot-starter-web/1.4.7.RELEASE/spring-boot-starter-web-1.4.7.RELEASE.jar
7f28e7607000-7f28e760a000 r--s 00021000 08:02 15632560                   /home/alex/Public/Maven/.m2/repository/org/apache/tomcat/tomcat-jdbc/8.5.15/tomcat-jdbc-8.5.15.jar
7f28e760a000-7f28e7614000 r--s 000ae000 08:02 16815980                   /home/alex/Public/Maven/.m2/repository/org/javassist/javassist/3.20.0-GA/javassist-3.20.0-GA.jar
7f28e7614000-7f28e76df000 rw-p 00000000 00:00 0 
7f28e76df000-7f28e76e2000 ---p 00000000 00:00 0 
7f28e76e2000-7f28e77e5000 rw-p 00000000 00:00 0 
7f28e77e5000-7f28e77e8000 r--s 0000e000 08:02 16556479                   /home/alex/Public/Maven/.m2/repository/org/jboss/logging/jboss-logging/3.3.1.Final/jboss-logging-3.3.1.Final.jar
7f28e77e8000-7f28e77fa000 r--s 000b7000 08:02 18259927                   /home/alex/Public/Maven/.m2/repository/org/springframework/spring-web/4.3.9.RELEASE/spring-web-4.3.9.RELEASE.jar
7f28e77fa000-7f28e7802000 rw-s 00000000 08:02 28366875                   /tmp/hsperfdata_alex/5388
7f28e7802000-7f28e7803000 rw-p 00000000 00:00 0 
7f28e7803000-7f28e7804000 ---p 00000000 00:00 0 
7f28e7804000-7f28e7805000 r--p 00025000 08:02 15760186                   /lib/x86_64-linux-gnu/ld-2.23.so
7f28e7805000-7f28e7806000 rw-p 00026000 08:02 15760186                   /lib/x86_64-linux-gnu/ld-2.23.so
7f28e7806000-7f28e7807000 rw-p 00000000 00:00 0 
7ffc76f6e000-7ffc76f91000 rw-p 00000000 00:00 0                          [stack]
7ffc76fab000-7ffc76fae000 r--p 00000000 00:00 0                          [vvar]
7ffc76fae000-7ffc76fb0000 r-xp 00000000 00:00 0                          [vdso]
ffffffffff600000-ffffffffff601000 r-xp 00000000 00:00 0                  [vsyscall]

VM Arguments:
java_command: lt.vtvpmc.ems.isveikata.IsveikataApplication
java_class_path (initial): /home/alex/Public/React/iSveikata/iSveikata-app/target/classes:/home/alex/Public/Maven/.m2/repository/org/springframework/spring-web/4.3.9.RELEASE/spring-web-4.3.9.RELEASE.jar:/home/alex/Public/Maven/.m2/repository/org/springframework/boot/spring-boot/1.4.7.RELEASE/spring-boot-1.4.7.RELEASE.jar:/home/alex/Public/Maven/.m2/repository/org/jboss/logging/jboss-logging/3.3.1.Final/jboss-logging-3.3.1.Final.jar:/home/alex/Public/Maven/.m2/repository/org/javassist/javassist/3.20.0-GA/javassist-3.20.0-GA.jar:/home/alex/Public/Maven/.m2/repository/org/springframework/spring-orm/4.3.9.RELEASE/spring-orm-4.3.9.RELEASE.jar:/home/alex/Public/Maven/.m2/repository/com/h2database/h2/1.4.195/h2-1.4.195.jar:/home/alex/Public/Maven/.m2/repository/org/apache/tomcat/tomcat-jdbc/8.5.15/tomcat-jdbc-8.5.15.jar:/home/alex/Public/Maven/.m2/repository/org/hibernate/common/hibernate-commons-annotations/5.0.1.Final/hibernate-commons-annotations-5.0.1.Final.jar:/home/alex/Public/Maven/.m2/repository/org/springframework/spring-context/4.3.9.RELEASE/spring-context-4.3.9.RELEASE.jar:/home/alex/Public/Maven/.m2/repository/org/apache/tomcat/embed/tomcat-embed-el/8.5.15/tomcat-embed-el-8.5.15.jar:/home/alex/Public/Maven/.m2/repository/antlr/antlr/2.7.7/antlr-2.7.7.jar:/home/alex/Public/Maven/.m2/repository/com/fasterxml/jackson/core/jackson-core/2.8.8/jackson-core-2.8.8.jar:/home/alex/Public/Maven/.m2/repository/xml-apis/xml-apis/1.4.01/xml-apis-1.4.01.jar:/home/alex/Public/Maven/.m2/repository/org/springframework/boot/spring-boot-starter-web/1.4.7.RELEASE/spring-boot-starter-web-1.4.7.RELEASE.jar:/home/alex/Public/Maven/.m2/repository/org/yaml/snakeyaml/1.17/snakeyaml-1.17.jar:/home/alex/Public/Maven/.m2/repository/org/slf4j/jcl-over-slf4j/1.7.25/jcl-over-slf4j-1.7.25.jar:/home/alex/Public/Maven/.m2/repository/org/aspectj/aspectjweaver/1.8.10/aspectjweaver-1.8.10.jar:/home/alex/Public/Maven/.m2/repository/org/springframework/spring-expression/4.3.9.RELEASE/spring-expressi
Launcher Type: SUN_STANDARD

Environment Variables:
JAVA_HOME=/usr/lib/jvm/java-8-oracle
PATH=/home/alex/.local/share/umake/bin:/home/alex/bin:/home/alex/.local/bin:/usr/local/sbin:/usr/local/bin:/usr/sbin:/usr/bin:/sbin:/bin:/usr/games:/usr/local/games:/snap/bin:/usr/lib/jvm/java-8-oracle/bin:/usr/lib/jvm/java-8-oracle/db/bin:/usr/lib/jvm/java-8-oracle/jre/bin
SHELL=/bin/bash
DISPLAY=:0

Signal Handlers:
SIGSEGV: [libjvm.so+0xad01e0], sa_mask[0]=11111111011111111101111111111110, sa_flags=SA_RESTART|SA_SIGINFO
SIGBUS: [libjvm.so+0xad01e0], sa_mask[0]=11111111011111111101111111111110, sa_flags=SA_RESTART|SA_SIGINFO
SIGFPE: [libjvm.so+0x927fb0], sa_mask[0]=11111111011111111101111111111110, sa_flags=SA_RESTART|SA_SIGINFO
SIGPIPE: [libjvm.so+0x927fb0], sa_mask[0]=11111111011111111101111111111110, sa_flags=SA_RESTART|SA_SIGINFO
SIGXFSZ: [libjvm.so+0x927fb0], sa_mask[0]=11111111011111111101111111111110, sa_flags=SA_RESTART|SA_SIGINFO
SIGILL: [libjvm.so+0x927fb0], sa_mask[0]=11111111011111111101111111111110, sa_flags=SA_RESTART|SA_SIGINFO
SIGUSR1: SIG_DFL, sa_mask[0]=00000000000000000000000000000000, sa_flags=none
SIGUSR2: [libjvm.so+0x9297f0], sa_mask[0]=00100000000000000000000000000000, sa_flags=SA_RESTART|SA_SIGINFO
SIGHUP: [libjvm.so+0x92abf0], sa_mask[0]=11111111011111111101111111111110, sa_flags=SA_RESTART|SA_SIGINFO
SIGINT: [libjvm.so+0x92abf0], sa_mask[0]=11111111011111111101111111111110, sa_flags=SA_RESTART|SA_SIGINFO
SIGTERM: [libjvm.so+0x92abf0], sa_mask[0]=11111111011111111101111111111110, sa_flags=SA_RESTART|SA_SIGINFO
SIGQUIT: [libjvm.so+0x92abf0], sa_mask[0]=11111111011111111101111111111110, sa_flags=SA_RESTART|SA_SIGINFO


---------------  S Y S T E M  ---------------

OS:DISTRIB_ID=Ubuntu
DISTRIB_RELEASE=16.04
DISTRIB_CODENAME=xenial
DISTRIB_DESCRIPTION="Ubuntu 16.04.3 LTS"

uname:Linux 4.13.0-32-generic #35~16.04.1-Ubuntu SMP Thu Jan 25 10:13:43 UTC 2018 x86_64
libc:glibc 2.23 NPTL 2.23 
rlimit: STACK 8192k, CORE 0k, NPROC 30481, NOFILE 1048576, AS infinity
load average:0,25 0,22 0,54

/proc/meminfo:
MemTotal:        8049864 kB
MemFree:          137392 kB
MemAvailable:    3115788 kB
Buffers:          637528 kB
Cached:          2661192 kB
SwapCached:            0 kB
Active:          5336076 kB
Inactive:        1974568 kB
Active(anon):    3704424 kB
Inactive(anon):   701392 kB
Active(file):    1631652 kB
Inactive(file):  1273176 kB
Unevictable:         268 kB
Mlocked:             268 kB
SwapTotal:       8267772 kB
SwapFree:        8267772 kB
Dirty:              1548 kB
Writeback:             0 kB
AnonPages:       4012284 kB
Mapped:           937644 kB
Shmem:            596244 kB
Slab:             434760 kB
SReclaimable:     378348 kB
SUnreclaim:        56412 kB
KernelStack:       16240 kB
PageTables:        64312 kB
NFS_Unstable:          0 kB
Bounce:                0 kB
WritebackTmp:          0 kB
CommitLimit:    12292704 kB
Committed_AS:   12565112 kB
VmallocTotal:   34359738367 kB
VmallocUsed:           0 kB
VmallocChunk:          0 kB
HardwareCorrupted:     0 kB
AnonHugePages:      2048 kB
ShmemHugePages:        0 kB
ShmemPmdMapped:        0 kB
CmaTotal:              0 kB
CmaFree:               0 kB
HugePages_Total:       0
HugePages_Free:        0
HugePages_Rsvd:        0
HugePages_Surp:        0
Hugepagesize:       2048 kB
DirectMap4k:      235388 kB
DirectMap2M:     8034304 kB
DirectMap1G:           0 kB


CPU:total 4 (initial active 4) (2 cores per cpu, 2 threads per core) family 6 model 69 stepping 1, cmov, cx8, fxsr, mmx, sse, sse2, sse3, ssse3, sse4.1, sse4.2, popcnt, avx, avx2, aes, clmul, erms, lzcnt, ht, tsc, tscinvbit, bmi1, bmi2

/proc/cpuinfo:
processor	: 0
vendor_id	: GenuineIntel
cpu family	: 6
model		: 69
model name	: Intel(R) Core(TM) i5-4200U CPU @ 1.60GHz
stepping	: 1
microcode	: 0x10
cpu MHz		: 2294.667
cache size	: 3072 KB
physical id	: 0
siblings	: 4
core id		: 0
cpu cores	: 2
apicid		: 0
initial apicid	: 0
fpu		: yes
fpu_exception	: yes
cpuid level	: 13
wp		: yes
flags		: fpu vme de pse tsc msr pae mce cx8 apic sep mtrr pge mca cmov pat pse36 clflush dts acpi mmx fxsr sse sse2 ss ht tm pbe syscall nx pdpe1gb rdtscp lm constant_tsc arch_perfmon pebs bts rep_good nopl xtopology nonstop_tsc cpuid aperfmperf pni pclmulqdq dtes64 monitor ds_cpl vmx est tm2 ssse3 sdbg fma cx16 xtpr pdcm pcid sse4_1 sse4_2 movbe popcnt aes xsave avx f16c rdrand lahf_lm abm cpuid_fault epb invpcid_single pti tpr_shadow vnmi flexpriority ept vpid fsgsbase tsc_adjust bmi1 avx2 smep bmi2 erms invpcid xsaveopt dtherm ida arat pln pts
bugs		: cpu_meltdown spectre_v1 spectre_v2
bogomips	: 4589.33
clflush size	: 64
cache_alignment	: 64
address sizes	: 39 bits physical, 48 bits virtual
power management:

processor	: 1
vendor_id	: GenuineIntel
cpu family	: 6
model		: 69
model name	: Intel(R) Core(TM) i5-4200U CPU @ 1.60GHz
stepping	: 1
microcode	: 0x10
cpu MHz		: 2294.667
cache size	: 3072 KB
physical id	: 0
siblings	: 4
core id		: 1
cpu cores	: 2
apicid		: 2
initial apicid	: 2
fpu		: yes
fpu_exception	: yes
cpuid level	: 13
wp		: yes
flags		: fpu vme de pse tsc msr pae mce cx8 apic sep mtrr pge mca cmov pat pse36 clflush dts acpi mmx fxsr sse sse2 ss ht tm pbe syscall nx pdpe1gb rdtscp lm constant_tsc arch_perfmon pebs bts rep_good nopl xtopology nonstop_tsc cpuid aperfmperf pni pclmulqdq dtes64 monitor ds_cpl vmx est tm2 ssse3 sdbg fma cx16 xtpr pdcm pcid sse4_1 sse4_2 movbe popcnt aes xsave avx f16c rdrand lahf_lm abm cpuid_fault epb invpcid_single pti tpr_shadow vnmi flexpriority ept vpid fsgsbase tsc_adjust bmi1 avx2 smep bmi2 erms invpcid xsaveopt dtherm ida arat pln pts
bugs		: cpu_meltdown spectre_v1 spectre_v2
bogomips	: 4589.33
clflush size	: 64
cache_alignment	: 64
address sizes	: 39 bits physical, 48 bits virtual
power management:

processor	: 2
vendor_id	: GenuineIntel
cpu family	: 6
model		: 69
model name	: Intel(R) Core(TM) i5-4200U CPU @ 1.60GHz
stepping	: 1
microcode	: 0x10
cpu MHz		: 2294.667
cache size	: 3072 KB
physical id	: 0
siblings	: 4
core id		: 0
cpu cores	: 2
apicid		: 1
initial apicid	: 1
fpu		: yes
fpu_exception	: yes
cpuid level	: 13
wp		: yes
flags		: fpu vme de pse tsc msr pae mce cx8 apic sep mtrr pge mca cmov pat pse36 clflush dts acpi mmx fxsr sse sse2 ss ht tm pbe syscall nx pdpe1gb rdtscp lm constant_tsc arch_perfmon pebs bts rep_good nopl xtopology nonstop_tsc cpuid aperfmperf pni pclmulqdq dtes64 monitor ds_cpl vmx est tm2 ssse3 sdbg fma cx16 xtpr pdcm pcid sse4_1 sse4_2 movbe popcnt aes xsave avx f16c rdrand lahf_lm abm cpuid_fault epb invpcid_single pti tpr_shadow vnmi flexpriority ept vpid fsgsbase tsc_adjust bmi1 avx2 smep bmi2 erms invpcid xsaveopt dtherm ida arat pln pts
bugs		: cpu_meltdown spectre_v1 spectre_v2
bogomips	: 4589.33
clflush size	: 64
cache_alignment	: 64
address sizes	: 39 bits physical, 48 bits virtual
power management:

processor	: 3
vendor_id	: GenuineIntel
cpu family	: 6
model		: 69
model name	: Intel(R) Core(TM) i5-4200U CPU @ 1.60GHz
stepping	: 1
microcode	: 0x10
cpu MHz		: 2294.667
cache size	: 3072 KB
physical id	: 0
siblings	: 4
core id		: 1
cpu cores	: 2
apicid		: 3
initial apicid	: 3
fpu		: yes
fpu_exception	: yes
cpuid level	: 13
wp		: yes
flags		: fpu vme de pse tsc msr pae mce cx8 apic sep mtrr pge mca cmov pat pse36 clflush dts acpi mmx fxsr sse sse2 ss ht tm pbe syscall nx pdpe1gb rdtscp lm constant_tsc arch_perfmon pebs bts rep_good nopl xtopology nonstop_tsc cpuid aperfmperf pni pclmulqdq dtes64 monitor ds_cpl vmx est tm2 ssse3 sdbg fma cx16 xtpr pdcm pcid sse4_1 sse4_2 movbe popcnt aes xsave avx f16c rdrand lahf_lm abm cpuid_fault epb invpcid_single pti tpr_shadow vnmi flexpriority ept vpid fsgsbase tsc_adjust bmi1 avx2 smep bmi2 erms invpcid xsaveopt dtherm ida arat pln pts
bugs		: cpu_meltdown spectre_v1 spectre_v2
bogomips	: 4589.33
clflush size	: 64
cache_alignment	: 64
address sizes	: 39 bits physical, 48 bits virtual
power management:



Memory: 4k page, physical 8049864k(137392k free), swap 8267772k(8267772k free)

vm_info: Java HotSpot(TM) 64-Bit Server VM (25.161-b12) for linux-amd64 JRE (1.8.0_161-b12), built on Dec 19 2017 16:12:43 by "java_re" with gcc 4.3.0 20080428 (Red Hat 4.3.0-8)

time: Mon Feb 12 14:25:59 2018
elapsed time: 8508 seconds (0d 2h 21m 48s)

